Thu Sep 25 10:37:09 AM EDT 2025
=============================================================================
energy: -58.52968241
elapsed time: 4.912700414657593
energy: -65.52698203
elapsed time: 3.449676036834717
energy: -54.39559302
elapsed time: 3.3072428703308105
energy: -56.139322740000004
elapsed time: 3.1713576316833496
energy: -58.33316366
elapsed time: 3.500192165374756
energy: -61.508976819999994
elapsed time: 3.8227858543395996
======= DQAOA result =======
problem size: 50, ctn: 0, subQ size: 10, iters: 10, num subQ: 8
avg energy -59.180807654, avg time: 3.4502509117126463
======= DQAOA result =======
energy: -63.89373739
elapsed time: 4.4339516162872314
energy: -52.93150212999999
elapsed time: 3.7914435863494873
energy: -60.056525439999994
elapsed time: 3.935378313064575
energy: -63.283327310000004
elapsed time: 4.438212871551514
energy: -56.48197485
elapsed time: 3.7861270904541016
energy: -57.697789369999995
elapsed time: 4.063437461853027
======= DQAOA result =======
problem size: 50, ctn: 0, subQ size: 12, iters: 10, num subQ: 8
avg energy -58.09022381999999, avg time: 4.002919864654541
======= DQAOA result =======
energy: -57.61776492999999
elapsed time: 4.8052520751953125
energy: -53.389941750000006
elapsed time: 4.796945333480835
energy: -57.815712500000004
elapsed time: 5.328817129135132
energy: -59.31318684
elapsed time: 4.730862855911255
energy: -67.62637336
elapsed time: 4.994166135787964
energy: -61.97948718000001
elapsed time: 6.044270277023315
======= DQAOA result =======
problem size: 50, ctn: 0, subQ size: 14, iters: 10, num subQ: 8
avg energy -60.024940326, avg time: 5.1790123462677
======= DQAOA result =======
energy: -52.01121585999999
elapsed time: 6.336813449859619
energy: -50.22771144000001
elapsed time: 6.058514356613159
energy: -64.62217496000001
elapsed time: 6.206380844116211
energy: -61.561161719999994
elapsed time: 6.1654908657073975
energy: -64.62217496000001
elapsed time: 5.5189049243927
energy: -58.88491863
elapsed time: 5.984825611114502
======= DQAOA result =======
problem size: 50, ctn: 0, subQ size: 16, iters: 10, num subQ: 8
avg energy -59.98362834200001, avg time: 5.986823320388794
======= DQAOA result =======
energy: -56.51847291
elapsed time: 8.31521987915039
energy: -60.3486012
elapsed time: 7.037100553512573
energy: -60.215096100000004
elapsed time: 7.673718214035034
energy: -56.97277242
elapsed time: 7.463601589202881
energy: -60.87610847
elapsed time: 7.524177074432373
energy: -61.78985425
elapsed time: 7.841068983078003
======= DQAOA result =======
problem size: 50, ctn: 0, subQ size: 18, iters: 10, num subQ: 8
avg energy -60.040486488, avg time: 7.507933282852173
======= DQAOA result =======
energy: -61.84837962
elapsed time: 9.442351579666138
energy: -49.10510978
elapsed time: 8.817573070526123
energy: -61.508976819999994
elapsed time: 8.63990330696106
energy: -61.013388549999995
elapsed time: 9.53566288948059
energy: -58.40052252999999
elapsed time: 8.840222120285034
energy: -59.248284930000004
elapsed time: 8.819900274276733
======= DQAOA result =======
problem size: 50, ctn: 0, subQ size: 20, iters: 10, num subQ: 8
avg energy -57.85525652199999, avg time: 8.930652332305907
======= DQAOA result =======
=============================================================================
energy: -178.39977475999999
elapsed time: 4.460502624511719
energy: -157.70397312
elapsed time: 3.953277826309204
energy: -173.66449479000002
elapsed time: 3.7517077922821045
energy: -166.34369900000002
elapsed time: 3.9390997886657715
energy: -152.91149482000003
elapsed time: 4.006030797958374
energy: -163.8623533
elapsed time: 4.1879050731658936
======= DQAOA result =======
problem size: 100, ctn: 0, subQ size: 10, iters: 10, num subQ: 8
avg energy -162.897203006, avg time: 3.9676042556762696
======= DQAOA result =======
energy: -182.02018613
elapsed time: 5.27377724647522
energy: -168.00229568
elapsed time: 4.561778783798218
energy: -180.87636659999998
elapsed time: 4.815876722335815
energy: -197.09492544999998
elapsed time: 5.912330865859985
energy: -200.01505154
elapsed time: 4.984721660614014
=============================================================================
=============================================================================
=============================================================================
=============================================================================
=============================================================================
=============================================================================
=============================================================================
=============================================================================
=============================================================================
=============================================================================
=============================================================================
=============================================================================
=============================================================================
=============================================================================
energy: -178.08473005000002
elapsed time: 5.494379997253418
======= DQAOA result =======
problem size: 100, ctn: 0, subQ size: 12, iters: 10, num subQ: 8
avg energy -184.81467386399999, avg time: 5.15381760597229
======= DQAOA result =======
energy: -176.55471791
elapsed time: 6.519739151000977
energy: -176.97068656000002
elapsed time: 6.016395092010498
energy: -187.07751009000003
elapsed time: 7.026001691818237
energy: -168.72954112
elapsed time: 6.428236961364746
energy: -178.25608746
elapsed time: 5.623991250991821
energy: -188.98842195999998
elapsed time: 7.036465883255005
======= DQAOA result =======
problem size: 100, ctn: 0, subQ size: 14, iters: 10, num subQ: 8
avg energy -180.004449438, avg time: 6.426218175888062
======= DQAOA result =======
energy: -185.54863505
elapsed time: 8.378350734710693
energy: -197.97741463
elapsed time: 7.227826356887817
energy: -186.92202148
elapsed time: 8.049373865127563
energy: -186.16667561
elapsed time: 7.82115364074707
energy: -191.99195932
elapsed time: 7.736536502838135
energy: -189.54370429
elapsed time: 7.432867527008057
======= DQAOA result =======
problem size: 100, ctn: 0, subQ size: 16, iters: 10, num subQ: 8
avg energy -190.520355066, avg time: 7.6535515785217285
======= DQAOA result =======
energy: -182.12193906000002
elapsed time: 9.185537576675415
energy: -187.62194249000004
elapsed time: 9.386635541915894
energy: -188.78438204000003
elapsed time: 10.138046979904175
energy: -180.36134026999997
elapsed time: 10.322850227355957
energy: -170.52479316999998
elapsed time: 10.595925092697144
energy: -180.63137601000003
elapsed time: 9.704461812973022
======= DQAOA result =======
problem size: 100, ctn: 0, subQ size: 18, iters: 10, num subQ: 8
avg energy -181.584766796, avg time: 10.029583930969238
======= DQAOA result =======
energy: -176.24748605
elapsed time: 12.96973729133606
energy: -180.20160300999999
elapsed time: 14.273205041885376
energy: -184.22095513000002
elapsed time: 12.450806140899658
energy: -182.65182458
elapsed time: 13.371699810028076
energy: -170.70852661
elapsed time: 11.908000230789185
energy: -202.00177285
elapsed time: 13.259201288223267
======= DQAOA result =======
problem size: 100, ctn: 0, subQ size: 20, iters: 10, num subQ: 8
avg energy -183.95693643600003, avg time: 13.052582502365112
======= DQAOA result =======
