Thu Sep 25 10:18:23 AM EDT 2025
=============================================================================
energy: -4.34459
elapsed time: 9.00127911567688
energy: -3.2337440000000006
elapsed time: 9.925050497055054
energy: -3.6270830000000003
elapsed time: 6.92653751373291
energy: -4.031874
elapsed time: 7.879072189331055
energy: -4.130967999999999
elapsed time: 6.02895450592041
energy: -4.687766999999999
elapsed time: 5.883260011672974
======= DQAOA result =======
problem size: 100, ctn: 0, subQ size: 4, iters: 10, num subQ: 8
avg energy -3.9422872, avg time: 7.32857494354248
======= DQAOA result =======
energy: -4.733401000000001
elapsed time: 7.41249942779541
energy: -4.859932000000001
elapsed time: 7.582246780395508
energy: -4.889264
elapsed time: 6.221468448638916
energy: -3.576588
elapsed time: 6.141666412353516
energy: -4.358163
elapsed time: 6.366299867630005
energy: -5.0166580000000005
elapsed time: 6.88275146484375
======= DQAOA result =======
problem size: 100, ctn: 0, subQ size: 6, iters: 10, num subQ: 8
avg energy -4.540121000000001, avg time: 6.638886594772339
======= DQAOA result =======
energy: -4.932168
elapsed time: 7.575458288192749
energy: -4.928293999999999
elapsed time: 10.100066184997559
energy: -4.812298
elapsed time: 9.073688507080078
energy: -5.339485
elapsed time: 7.008780002593994
energy: -5.2507
elapsed time: 7.114059686660767
energy: -5.2139370000000005
elapsed time: 8.42158818244934
======= DQAOA result =======
problem size: 100, ctn: 0, subQ size: 8, iters: 10, num subQ: 8
avg energy -5.1089427999999995, avg time: 8.343636512756348
======= DQAOA result =======
=============================================================================
=============================================================================
=============================================================================
=============================================================================
=============================================================================
=============================================================================
=============================================================================
